0 info it worked if it ends with ok
1 verbose cli [ '/usr/bin/node', '/usr/bin/npm', 'install', 'cca', '-g' ]
2 info using npm@1.4.28
3 info using node@v0.10.33
4 verbose node symlink /usr/bin/node
5 verbose cache add [ 'cca', null ]
6 verbose cache add name=undefined spec="cca" args=["cca",null]
7 verbose parsed url { protocol: null,
7 verbose parsed url   slashes: null,
7 verbose parsed url   auth: null,
7 verbose parsed url   host: null,
7 verbose parsed url   port: null,
7 verbose parsed url   hostname: null,
7 verbose parsed url   hash: null,
7 verbose parsed url   search: null,
7 verbose parsed url   query: null,
7 verbose parsed url   pathname: 'cca',
7 verbose parsed url   path: 'cca',
7 verbose parsed url   href: 'cca' }
8 silly lockFile 2662d969-cca cca
9 verbose lock cca /home/guajar/.npm/2662d969-cca.lock
10 silly lockFile 2662d969-cca cca
11 silly lockFile 2662d969-cca cca
12 verbose addNamed [ 'cca', '' ]
13 verbose addNamed [ null, '*' ]
14 silly lockFile e49264f1-cca cca@
15 verbose lock cca@ /home/guajar/.npm/e49264f1-cca.lock
16 silly addNameRange { name: 'cca', range: '*', hasData: false }
17 verbose request where is /cca
18 verbose request registry https://registry.npmjs.org/
19 verbose request id c93f6feb753e52b0
20 verbose url raw /cca
21 verbose url resolving [ 'https://registry.npmjs.org/', './cca' ]
22 verbose url resolved https://registry.npmjs.org/cca
23 verbose request where is https://registry.npmjs.org/cca
24 info trying registry request attempt 1 at 14:54:34
25 verbose etag "AXPRMVVJM093ODC1L1JY3MSUH"
26 http GET https://registry.npmjs.org/cca
27 http 304 https://registry.npmjs.org/cca
28 silly registry.get cb [ 304,
28 silly registry.get   { date: 'Sun, 30 Nov 2014 17:54:35 GMT',
28 silly registry.get     server: 'Apache',
28 silly registry.get     via: '1.1 varnish',
28 silly registry.get     'last-modified': 'Sun, 30 Nov 2014 17:54:35 GMT',
28 silly registry.get     'cache-control': 'max-age=60',
28 silly registry.get     etag: '"AXPRMVVJM093ODC1L1JY3MSUH"',
28 silly registry.get     age: '0',
28 silly registry.get     'x-served-by': 'cache-atl6224-ATL',
28 silly registry.get     'x-cache': 'MISS',
28 silly registry.get     'x-cache-hits': '0',
28 silly registry.get     'x-timer': 'S1417370075.432691,VS0,VE63',
28 silly registry.get     vary: 'Accept',
28 silly registry.get     'content-length': '0',
28 silly registry.get     'keep-alive': 'timeout=10, max=50',
28 silly registry.get     connection: 'Keep-Alive' } ]
29 verbose etag https://registry.npmjs.org/cca from cache
30 silly addNameRange number 2 { name: 'cca', range: '*', hasData: true }
31 silly addNameRange versions [ 'cca',
31 silly addNameRange   [ '0.0.0',
31 silly addNameRange     '0.0.1',
31 silly addNameRange     '0.0.2',
31 silly addNameRange     '0.0.3',
31 silly addNameRange     '0.0.3-nobundle',
31 silly addNameRange     '0.0.4',
31 silly addNameRange     '0.0.5',
31 silly addNameRange     '0.0.7',
31 silly addNameRange     '0.0.8',
31 silly addNameRange     '0.0.9',
31 silly addNameRange     '0.0.10',
31 silly addNameRange     '0.0.11',
31 silly addNameRange     '0.1.0',
31 silly addNameRange     '0.1.1-rc1',
31 silly addNameRange     '0.1.1-rc3',
31 silly addNameRange     '0.1.1-rc4',
31 silly addNameRange     '0.1.1',
31 silly addNameRange     '0.2.1',
31 silly addNameRange     '0.2.2',
31 silly addNameRange     '0.3.0',
31 silly addNameRange     '0.3.1-rc2',
31 silly addNameRange     '0.3.1',
31 silly addNameRange     '0.4.0',
31 silly addNameRange     '0.4.1',
31 silly addNameRange     '0.4.2',
31 silly addNameRange     '0.4.3',
31 silly addNameRange     '0.5.0' ] ]
32 verbose addNamed [ 'cca', '0.5.0' ]
33 verbose addNamed [ '0.5.0', '0.5.0' ]
34 silly lockFile 4f0b19c5-cca-0-5-0 cca@0.5.0
35 verbose lock cca@0.5.0 /home/guajar/.npm/4f0b19c5-cca-0-5-0.lock
36 silly lockFile 2f15c8d0-stry-npmjs-org-cca-cca-0-5-0-tgz https://registry.npmjs.org/cca/-/cca-0.5.0.tgz
37 verbose lock https://registry.npmjs.org/cca/-/cca-0.5.0.tgz /home/guajar/.npm/2f15c8d0-stry-npmjs-org-cca-cca-0-5-0-tgz.lock
38 verbose addRemoteTarball [ 'https://registry.npmjs.org/cca/-/cca-0.5.0.tgz',
38 verbose addRemoteTarball   'ee41c786b3423799f2ff913caa703495d35695db' ]
39 info retry fetch attempt 1 at 14:54:35
40 verbose fetch to= /tmp/npm-31302-UWYqwasv/registry.npmjs.org/cca/-/cca-0.5.0.tgz
41 http GET https://registry.npmjs.org/cca/-/cca-0.5.0.tgz
42 http 200 https://registry.npmjs.org/cca/-/cca-0.5.0.tgz
43 silly lockFile 2f15c8d0-stry-npmjs-org-cca-cca-0-5-0-tgz https://registry.npmjs.org/cca/-/cca-0.5.0.tgz
44 silly lockFile 2f15c8d0-stry-npmjs-org-cca-cca-0-5-0-tgz https://registry.npmjs.org/cca/-/cca-0.5.0.tgz
45 silly lockFile 4f0b19c5-cca-0-5-0 cca@0.5.0
46 silly lockFile 4f0b19c5-cca-0-5-0 cca@0.5.0
47 silly lockFile e49264f1-cca cca@
48 silly lockFile e49264f1-cca cca@
49 silly resolved [ { name: 'cca',
49 silly resolved     author: { name: 'The Chrome Team' },
49 silly resolved     version: '0.5.0',
49 silly resolved     description: 'Run Chrome Apps on mobile using Apache Cordova',
49 silly resolved     preferGlobal: 'true',
49 silly resolved     keywords: [ 'cordova', 'chrome', 'mobile', 'apps' ],
49 silly resolved     bin: { cca: 'src/cca.js' },
49 silly resolved     main: 'src/cca.js',
49 silly resolved     man: [ './docs/man/cca.7' ],
49 silly resolved     license: 'Apache version 2.0',
49 silly resolved     repository:
49 silly resolved      { type: 'git',
49 silly resolved        url: 'https://github.com/MobileChromeApps/mobile-chrome-apps.git' },
49 silly resolved     comments: { 'crypto-js': 'is not meant to be pinned, but 3.1.2-5 IS later than 3.1.2 (incorrect use of semver), and this works' },
49 silly resolved     dependencies:
49 silly resolved      { 'cca-manifest-logic': '^0.0.5',
49 silly resolved        'chrome-app-developer-tool-client': '^0.0.4',
49 silly resolved        cordova: '^4.1.2',
49 silly resolved        'crypto-js': '3.1.2-5',
49 silly resolved        debounce: '^1.0.0',
49 silly resolved        elementtree: '0.1.6',
49 silly resolved        gaze: '^0.5.1',
49 silly resolved        'gulp-mocha': '^1.1.1',
49 silly resolved        'node-uuid': '^1.4.1',
49 silly resolved        'node.extend': '',
49 silly resolved        optimist: '~0.6.1',
49 silly resolved        q: '~1',
49 silly resolved        semver: '^4.1.0',
49 silly resolved        shelljs: '^0.3.0',
49 silly resolved        underscore: '^1.7.0',
49 silly resolved        xmldom: '^0.1.19' },
49 silly resolved     files:
49 silly resolved      [ 'README.md',
49 silly resolved        'RELEASENOTES.md',
49 silly resolved        'cordova',
49 silly resolved        'docs',
49 silly resolved        'src',
49 silly resolved        'templates' ],
49 silly resolved     devDependencies:
49 silly resolved      { chai: '^1.9.1',
49 silly resolved        gulp: '^3.7.0',
49 silly resolved        'gulp-jshint': '^1.6.1',
49 silly resolved        'gulp-mocha': '^1.1.1',
49 silly resolved        'gulp-util': '^3.0.1',
49 silly resolved        walk: '^2.3.3' },
49 silly resolved     scripts: { test: 'gulp test' },
49 silly resolved     contributors: [ [Object], [Object] ],
49 silly resolved     gitHead: '155b1af69e2e6191657babef8c97fab5c977694e',
49 silly resolved     bugs: { url: 'https://github.com/MobileChromeApps/mobile-chrome-apps/issues' },
49 silly resolved     homepage: 'https://github.com/MobileChromeApps/mobile-chrome-apps',
49 silly resolved     _id: 'cca@0.5.0',
49 silly resolved     _shasum: 'ee41c786b3423799f2ff913caa703495d35695db',
49 silly resolved     _from: 'cca@',
49 silly resolved     _npmVersion: '1.4.14',
49 silly resolved     _npmUser: { name: 'agrieve', email: 'agrieve@chromium.org' },
49 silly resolved     maintainers:
49 silly resolved      [ [Object],
49 silly resolved        [Object],
49 silly resolved        [Object],
49 silly resolved        [Object],
49 silly resolved        [Object],
49 silly resolved        [Object],
49 silly resolved        [Object] ],
49 silly resolved     dist:
49 silly resolved      { shasum: 'ee41c786b3423799f2ff913caa703495d35695db',
49 silly resolved        tarball: 'http://registry.npmjs.org/cca/-/cca-0.5.0.tgz' },
49 silly resolved     directories: {},
49 silly resolved     _resolved: 'https://registry.npmjs.org/cca/-/cca-0.5.0.tgz' } ]
50 info install cca@0.5.0 into /usr/lib
51 info installOne cca@0.5.0
52 verbose lib/node_modules/cca unbuild
53 verbose tar unpack /home/guajar/.npm/cca/0.5.0/package.tgz
54 silly lockFile 0ae0cc39-tar-usr-lib-node-modules-cca tar:///usr/lib/node_modules/cca
55 verbose lock tar:///usr/lib/node_modules/cca /home/guajar/.npm/0ae0cc39-tar-usr-lib-node-modules-cca.lock
56 silly lockFile a2616928-guajar-npm-cca-0-5-0-package-tgz tar:///home/guajar/.npm/cca/0.5.0/package.tgz
57 verbose lock tar:///home/guajar/.npm/cca/0.5.0/package.tgz /home/guajar/.npm/a2616928-guajar-npm-cca-0-5-0-package-tgz.lock
58 silly gunzTarPerm modes [ '775', '664' ]
59 error Error: EACCES, mkdir '/usr/lib/node_modules/cca'
59 error  { [Error: EACCES, mkdir '/usr/lib/node_modules/cca']
59 error   errno: 3,
59 error   code: 'EACCES',
59 error   path: '/usr/lib/node_modules/cca',
59 error   fstream_type: 'Directory',
59 error   fstream_path: '/usr/lib/node_modules/cca',
59 error   fstream_class: 'DirWriter',
59 error   fstream_stack:
59 error    [ '/usr/lib/node_modules/npm/node_modules/fstream/lib/dir-writer.js:36:23',
59 error      '/usr/lib/node_modules/npm/node_modules/mkdirp/index.js:46:53',
59 error      'Object.oncomplete (fs.js:107:15)' ] }
60 error Please try running this command again as root/Administrator.
61 error System Linux 3.13.0-40-generic
62 error command "/usr/bin/node" "/usr/bin/npm" "install" "cca" "-g"
63 error cwd /home/guajar/Desktop/programacao/javascript/opensource/hackathonCordova/myClasses
64 error node -v v0.10.33
65 error npm -v 1.4.28
66 error path /usr/lib/node_modules/cca
67 error fstream_path /usr/lib/node_modules/cca
68 error fstream_type Directory
69 error fstream_class DirWriter
70 error code EACCES
71 error errno 3
72 error stack Error: EACCES, mkdir '/usr/lib/node_modules/cca'
73 error fstream_stack /usr/lib/node_modules/npm/node_modules/fstream/lib/dir-writer.js:36:23
73 error fstream_stack /usr/lib/node_modules/npm/node_modules/mkdirp/index.js:46:53
73 error fstream_stack Object.oncomplete (fs.js:107:15)
74 verbose exit [ 3, true ]
